<?xml version="1.0" encoding="UTF-8"?>
<testng-results ignored="0" total="1" passed="1" failed="0" skipped="0">
  <reporter-output>
  </reporter-output>
  <suite started-at="2020-09-06T23:58:47Z" name="Default suite" finished-at="2020-09-06T23:59:29Z" duration-ms="41431">
    <groups>
    </groups>
    <test started-at="2020-09-06T23:58:47Z" name="Default test" finished-at="2020-09-06T23:59:29Z" duration-ms="41431">
      <class name="com.testcases.EditProfileTest">
        <test-method is-config="true" signature="launchURL()[pri:0, instance:com.testcases.EditProfileTest@2e3967ea]" started-at="2020-09-06T23:58:47Z" name="launchURL" finished-at="2020-09-06T23:58:58Z" duration-ms="10620" status="PASS">
          <reporter-output>
          </reporter-output>
        </test-method> <!-- launchURL -->
        <test-method signature="editProfile()[pri:0, instance:com.testcases.EditProfileTest@2e3967ea]" started-at="2020-09-06T23:58:58Z" name="editProfile" finished-at="2020-09-06T23:59:28Z" duration-ms="30386" status="PASS">
          <reporter-output>
          </reporter-output>
        </test-method> <!-- editProfile -->
        <test-method is-config="true" signature="closeBrowser()[pri:0, instance:com.testcases.EditProfileTest@2e3967ea]" started-at="2020-09-06T23:59:28Z" name="closeBrowser" finished-at="2020-09-06T23:59:29Z" duration-ms="294" status="PASS">
          <reporter-output>
          </reporter-output>
        </test-method> <!-- closeBrowser -->
      </class> <!-- com.testcases.EditProfileTest -->
    </test> <!-- Default test -->
  </suite> <!-- Default suite -->
</testng-results>
